#
# There is insufficient memory for the Java Runtime Environment to continue.
# Native memory allocation (malloc) failed to allocate 32744 bytes for Chunk::new
# Possible reasons:
#   The system is out of physical RAM or swap space
#   The process is running with CompressedOops enabled, and the Java Heap may be blocking the growth of the native heap
# Possible solutions:
#   Reduce memory load on the system
#   Increase physical memory or swap space
#   Check if swap backing store is full
#   Decrease Java heap size (-Xmx/-Xms)
#   Decrease number of Java threads
#   Decrease Java thread stack sizes (-Xss)
#   Set larger code cache with -XX:ReservedCodeCacheSize=
#   JVM is running with Unscaled Compressed Oops mode in which the Java heap is
#     placed in the first 4GB address space. The Java Heap base address is the
#     maximum limit for the native heap growth. Please use -XX:HeapBaseMinAddress
#     to set the Java Heap base and to place the Java Heap above 4GB virtual address.
# This output file may be truncated or incomplete.
#
#  Out of Memory Error (arena.cpp:168), pid=22936, tid=17348
#
# JRE version: OpenJDK Runtime Environment (21.0.1+12) (build 21.0.1+12-29)
# Java VM: OpenJDK 64-Bit Server VM (21.0.1+12-29, mixed mode, emulated-client, sharing, tiered, compressed oops, compressed class ptrs, g1 gc, windows-amd64)
# No core dump will be written. Minidumps are not enabled by default on client versions of Windows
#

---------------  S U M M A R Y ------------

Command Line: -XX:TieredStopAtLevel=1 -Dspring.output.ansi.enabled=always -Dcom.sun.management.jmxremote -Dspring.jmx.enabled=true -Dspring.liveBeansView.mbeanDomain -Dspring.application.admin.enabled=true -Dmanagement.endpoints.jmx.exposure.include=* -javaagent:C:\Program Files\JetBrains\IntelliJ IDEA 2023.3\lib\idea_rt.jar=63698:C:\Program Files\JetBrains\IntelliJ IDEA 2023.3\bin -Dfile.encoding=UTF-8 -Dsun.stdout.encoding=UTF-8 -Dsun.stderr.encoding=UTF-8 com.makarimal.peopleDB_web.PeopleDbWebApplication

Host: Intel(R) Core(TM) i5-1035G1 CPU @ 1.00GHz, 8 cores, 7G,  Windows 11 , 64 bit Build 22621 (10.0.22621.3958)
Time: Tue Oct 15 09:24:42 2024 Paris, Madrid (heure duild 22621 (10.0.22621.3958) elapsed time: 0.731909 seconds (0d 0h 0m 0s)

---------------  T H R E A D  ---------------

Current thread (0x0000014e5e5456f0):  JavaThread "C1 CompilerThread1" daemon [_thread_in_native, id=17348, stack(0x00000014af200000,0x00000014af300000) (1024K)]


Current CompileTask:
C1:    732  733       1       jdk.internal.util.xml.impl.Parser::bname (354 bytes)

Stack: [0x00000014af200000,0x00000014af300000]
Native frames: (J=compiled Java code, j=interpreted, Vv=VM code, C=native code)
V  [jvm.dll+0x6c9029]
V  [jvm.dll+0x854b81]
V  [jvm.dll+0x856e5e]
V  [jvm.dll+0x857543]
V  [jvm.dll+0x280c06]
V  [jvm.dll+0xc3ead]
V  [jvm.dll+0xc43c3]
V  [jvm.dll+0x19bf21]
V  [jvm.dll+0x19eafe]
V  [jvm.dll+0x19f107]
V  [jvm.dll+0x1974b0]
V  [jvm.dll+0x1969bb]
V  [jvm.dll+0x19fbfb]
V  [jvm.dll+0x197b38]
V  [jvm.dll+0x19b012]
V  [jvm.dll+0x154753]
V  [jvm.dll+0x154008]
V  [jvm.dll+0x154244]
V  [jvm.dll+0x153686]
V  [jvm.dll+0x1553ed]
V  [jvm.dll+0x2586b9]
V  [jvm.dll+0x256c9a]
V  [jvm.dll+0x3ef1b6]
V  [jvm.dll+0x7fd728]
V  [jvm.dll+0x6c777d]
C  [ucrtbase.dll+0x29333]
C  [KERNEL32.DLL+0x1257d]
C  [ntdll.dll+0x5af08]


---------------  P R O C E S S  ---------------

Threads class SMR info:
_java_thread_list=0x0000014e5ea84da0, length=13, elements={
0x0000014e4ba61d00, 0x0000014e5dced800, 0x0000014e5dcee720, 0x0000014e5e43a460,
0x0000014e5e43c2b0, 0x0000014e5e43d4b0, 0x0000014e5e43e7e0, 0x0000014e5e4471a0,
0x0000014e5dcbe6a0, 0x0000014e5e5456f0, 0x0000014e5e542e10, 0x0000014e5ea8e820,
0x0000014e630020d0
}

Java Threads: ( => current thread )
  0x0000014e4ba61d00 JavaThread "main"                              [_thread_in_Java, id=20228, stack(0x00000014ae200000,0x00000014ae300000) (1024K)]
  0x0000014e5dced800 JavaThread "Reference Handler"          daemon [_thread_blocked, id=2700, stack(0x00000014aea00000,0x00000014aeb00000) (1024K)]
  0x0000014e5dcee720 JavaThread "Finalizer"                  daemon [_thread_blocked, id=18408, stack(0x00000014aeb00000,0x00000014aec00000) (1024K)]
  0x0000014e5e43a460 JavaThread "Signal Dispatcher"          daemon [_thread_blocked, id=19800, stack(0x00000014aec00000,0x00000014aed00000) (1024K)]
  0x0000014e5e43c2b0 JavaThread "Attach Listener"            daemon [_thread_blocked, id=11664, stack(0x00000014aed00000,0x00000014aee00000) (1024K)]
  0x0000014e5e43d4b0 JavaThread "Service Thread"             daemon [_thread_blocked, id=10368, stack(0x00000014aee00000,0x00000014aef00000) (1024K)]
  0x0000014e5e43e7e0 JavaThread "Monitor Deflation Thread"   daemon [_thread_blocked, id=24000, stack(0x00000014aef00000,0x00000014af000000) (1024K)]
  0x0000014e5e4471a0 JavaThread "C1 CompilerThread0"         daemon [_thread_blocked, id=25180, stack(0x00000014af000000,0x00000014af100000) (1024K)]
  0x0000014e5dcbe6a0 JavaThread "Common-Cleaner"             daemon [_thread_blocked, id=23484, stack(0x00000014af100000,0x00000014af200000) (1024K)]
=>0x0000014e5e5456f0 JavaThread "C1 CompilerThread1"         daemon [_thread_in_native, id=17348, stack(0x00000014af200000,0x00000014af300000) (1024K)]
  0x0000014e5e542e10 JavaThread "C1 CompilerThread2"         daemon [_thread_blocked, id=29396, stack(0x00000014af300000,0x00000014af400000) (1024K)]
  0x0000014e5ea8e820 JavaThread "Monitor Ctrl-Break"         daemon [_thread_in_native, id=18788, stack(0x00000014af400000,0x00000014af500000) (1024K)]
  0x0000014e630020d0 JavaThread "Notification Thread"        daemon [_thread_blocked, id=22888, stack(0x00000014af500000,0x00000014af600000) (1024K)]
Total: 13

Other Threads:
  0x0000014e4ba33ab0 VMThread "VM Thread"                           [id=29588, stack(0x00000014ae900000,0x00000014aea00000) (1024K)]
  0x0000014e5dcbd340 WatcherThread "VM Periodic Task Thread"        [id=26516, stack(0x00000014ae800000,0x00000014ae900000) (1024K)]
  0x0000014e4ba34590 WorkerThread "GC Thread#0"                     [id=23004, stack(0x00000014ae300000,0x00000014ae400000) (1024K)]
  0x0000014e4bae3470 ConcurrentGCThread "G1 Main Marker"            [id=23960, stack(0x00000014ae400000,0x00000014ae500000) (1024K)]
  0x0000014e4ba35410 WorkerThread "G1 Conc#0"                       [id=15108, stack(0x00000014ae500000,0x00000014ae600000) (1024K)]
  0x0000014e4bb1ea70 ConcurrentGCThread "G1 Refine#0"               [id=25620, stack(0x00000014ae600000,0x00000014ae700000) (1024K)]
  0x0000014e5dc705a0 ConcurrentGCThread "G1 Service"                [id=22444, stack(0x00000014ae700000,0x00000014ae800000) (1024K)]
Total: 7

Threads with active compile tasks:
C1 CompilerThread1      760  733       1       jdk.internal.util.xml.impl.Parser::bname (354 bytes)
Total: 1

VM state: not at safepoint (normal execution)

VM Mutex/Monitor currently owned by a thread: None

Heap address: 0x0000000083400000, size: 1996 MB, Compressed Oops mode: 32-bit

CDS archive(s) mapped at: [0x0000014e00000000-0x0000014e00c90000-0x0000014e00c90000), size 13172736, SharedBaseAddress: 0x0000014e00000000, ArchiveRelocationMode: 1.
Compressed class space mapped at: 0x0000014e01000000-0x0000014e41000000, reserved size: 1073741824
Narrow klass base: 0x0000014e00000000, Narrow klass shift: 0, Narrow klass range: 0x100000000

GC Precious Log:
 CardTable entry size: 512
 Card Set container configuration: InlinePtr #cards 5 size 8 Array Of Cards #cards 12 size 40 Howl #buckets 4 coarsen threshold 1843 Howl Bitmap #cards 512 size 80 coarsen threshold 460 Card regions per heap region 1 cards per card region 2048
 CPUs: 8 total, 8 available
 Memory: 7979M
 Large Page Support: Disabled
 NUMA Support: Disabled
 Compressed Oops: Enabled (32-bit)
 Heap Region Size: 1M
 Heap Min Capacity: 8M
 Heap Initial Capacity: 126M
 Heap Max Capacity: 1996M
 Pre-touch: Disabled
 Parallel Workers: 8
 Concurrent Workers: 2
 Concurrent Refinement Workers: 8
 Periodic GC: Disabled

Heap:
 garbage-first heap   total 129024K, used 12288K [0x0000000083400000, 0x0000000100000000)
  region size 1024K, 12 young (12288K), 0 survivors (0K)
 Metaspace       used 3279K, committed 3456K, reserved 1114112K
  class space    used 374K, committed 448K, reserved 1048576K

Heap Regions: E=young(eden), S=young(survivor), O=old, HS=humongous(starts), HC=humongous(continues), CS=collection set, F=free, TAMS=top-at-mark-start, PB=parsable bottom
|   0|0x0000000083400000, 0x0000000083500000, 0x0000000083500000|100%|HS|  |TAMS 0x0000000083400000| PB 0x0000000083400000| Complete 
|   1|0x0000000083500000, 0x0000000083500000, 0x0000000083600000|  0%| F|  |TAMS 0x0000000083500000| PB 0x0000000083500000| Untracked 
|   2|0x0000000083600000, 0x0000000083600000, 0x0000000083700000|  0%| F|  |TAMS 0x0000000083600000| PB 0x0000000083600000| Untracked 
|   3|0x0000000083700000, 0x0000000083700000, 0x0000000083800000|  0%| F|  |TAMS 0x0000000083700000| PB 0x0000000083700000| Untracked 
|   4|0x0000000083800000, 0x0000000083800000, 0x0000000083900000|  0%| F|  |TAMS 0x0000000083800000| PB 0x0000000083800000| Untracked 
|   5|0x0000000083900000, 0x0000000083900000, 0x0000000083a00000|  0%| F|  |TAMS 0x0000000083900000| PB 0x0000000083900000| Untracked 
|   6|0x0000000083a00000, 0x0000000083a00000, 0x0000000083b00000|  0%| F|  |TAMS 0x0000000083a00000| PB 0x0000000083a00000| Untracked 
|   7|0x0000000083b00000, 0x0000000083b00000, 0x0000000083c00000|  0%| F|  |TAMS 0x0000000083b00000| PB 0x0000000083b00000| Untracked 
|   8|0x0000000083c00000, 0x0000000083c00000, 0x0000000083d00000|  0%| F|  |TAMS 0x0000000083c00000| PB 0x0000000083c00000| Untracked 
|   9|0x0000000083d00000, 0x0000000083d00000, 0x0000000083e00000|  0%| F|  |TAMS 0x0000000083d00000| PB 0x0000000083d00000| Untracked 
|  10|0x0000000083e00000, 0x0000000083e00000, 0x0000000083f00000|  0%| F|  |TAMS 0x0000000083e00000| PB 0x0000000083e00000| Untracked 
|  11|0x0000000083f00000, 0x0000000083f00000, 0x0000000084000000|  0%| F|  |TAMS 0x0000000083f00000| PB 0x0000000083f00000| Untracked 
|  12|0x0000000084000000, 0x0000000084000000, 0x0000000084100000|  0%| F|  |TAMS 0x0000000084000000| PB 0x0000000084000000| Untracked 
|  13|0x0000000084100000, 0x0000000084100000, 0x0000000084200000|  0%| F|  |TAMS 0x0000000084100000| PB 0x0000000084100000| Untracked 
|  14|0x0000000084200000, 0x0000000084200000, 0x0000000084300000|  0%| F|  |TAMS 0x0000000084200000| PB 0x0000000084200000| Untracked 
|  15|0x0000000084300000, 0x0000000084300000, 0x0000000084400000|  0%| F|  |TAMS 0x0000000084300000| PB 0x0000000084300000| Untracked 
|  16|0x0000000084400000, 0x0000000084400000, 0x0000000084500000|  0%| F|  |TAMS 0x0000000084400000| PB 0x0000000084400000| Untracked 
|  17|0x0000000084500000, 0x0000000084500000, 0x0000000084600000|  0%| F|  |TAMS 0x0000000084500000| PB 0x0000000084500000| Untracked 
|  18|0x0000000084600000, 0x0000000084600000, 0x0000000084700000|  0%| F|  |TAMS 0x0000000084600000| PB 0x0000000084600000| Untracked 
|  19|0x0000000084700000, 0x0000000084700000, 0x0000000084800000|  0%| F|  |TAMS 0x0000000084700000| PB 0x0000000084700000| Untracked 
|  20|0x0000000084800000, 0x0000000084800000, 0x0000000084900000|  0%| F|  |TAMS 0x0000000084800000| PB 0x0000000084800000| Untracked 
|  21|0x0000000084900000, 0x0000000084900000, 0x0000000084a00000|  0%| F|  |TAMS 0x0000000084900000| PB 0x0000000084900000| Untracked 
|  22|0x0000000084a00000, 0x0000000084a00000, 0x0000000084b00000|  0%| F|  |TAMS 0x0000000084a00000| PB 0x0000000084a00000| Untracked 
|  23|0x0000000084b00000, 0x0000000084b00000, 0x0000000084c00000|  0%| F|  |TAMS 0x0000000084b00000| PB 0x0000000084b00000| Untracked 
|  24|0x0000000084c00000, 0x0000000084c00000, 0x0000000084d00000|  0%| F|  |TAMS 0x0000000084c00000| PB 0x0000000084c00000| Untracked 
|  25|0x0000000084d00000, 0x0000000084d00000, 0x0000000084e00000|  0%| F|  |TAMS 0x0000000084d00000| PB 0x0000000084d00000| Untracked 
|  26|0x0000000084e00000, 0x0000000084e00000, 0x0000000084f00000|  0%| F|  |TAMS 0x0000000084e00000| PB 0x0000000084e00000| Untracked 
|  27|0x0000000084f00000, 0x0000000084f00000, 0x0000000085000000|  0%| F|  |TAMS 0x0000000084f00000| PB 0x0000000084f00000| Untracked 
|  28|0x0000000085000000, 0x0000000085000000, 0x0000000085100000|  0%| F|  |TAMS 0x0000000085000000| PB 0x0000000085000000| Untracked 
|  29|0x0000000085100000, 0x0000000085100000, 0x0000000085200000|  0%| F|  |TAMS 0x0000000085100000| PB 0x0000000085100000| Untracked 
|  30|0x0000000085200000, 0x0000000085200000, 0x0000000085300000|  0%| F|  |TAMS 0x0000000085200000| PB 0x0000000085200000| Untracked 
|  31|0x0000000085300000, 0x0000000085300000, 0x0000000085400000|  0%| F|  |TAMS 0x0000000085300000| PB 0x0000000085300000| Untracked 
|  32|0x0000000085400000, 0x0000000085400000, 0x0000000085500000|  0%| F|  |TAMS 0x0000000085400000| PB 0x0000000085400000| Untracked 
|  33|0x0000000085500000, 0x0000000085500000, 0x0000000085600000|  0%| F|  |TAMS 0x0000000085500000| PB 0x0000000085500000| Untracked 
|  34|0x0000000085600000, 0x0000000085600000, 0x0000000085700000|  0%| F|  |TAMS 0x0000000085600000| PB 0x0000000085600000| Untracked 
|  35|0x0000000085700000, 0x0000000085700000, 0x0000000085800000|  0%| F|  |TAMS 0x0000000085700000| PB 0x0000000085700000| Untracked 
|  36|0x0000000085800000, 0x0000000085800000, 0x0000000085900000|  0%| F|  |TAMS 0x0000000085800000| PB 0x0000000085800000| Untracked 
|  37|0x0000000085900000, 0x0000000085900000, 0x0000000085a00000|  0%| F|  |TAMS 0x0000000085900000| PB 0x0000000085900000| Untracked 
|  38|0x0000000085a00000, 0x0000000085a00000, 0x0000000085b00000|  0%| F|  |TAMS 0x0000000085a00000| PB 0x0000000085a00000| Untracked 
|  39|0x0000000085b00000, 0x0000000085b00000, 0x0000000085c00000|  0%| F|  |TAMS 0x0000000085b00000| PB 0x0000000085b00000| Untracked 
|  40|0x0000000085c00000, 0x0000000085c00000, 0x0000000085d00000|  0%| F|  |TAMS 0x0000000085c00000| PB 0x0000000085c00000| Untracked 
|  41|0x0000000085d00000, 0x0000000085d00000, 0x0000000085e00000|  0%| F|  |TAMS 0x0000000085d00000| PB 0x0000000085d00000| Untracked 
|  42|0x0000000085e00000, 0x0000000085e00000, 0x0000000085f00000|  0%| F|  |TAMS 0x0000000085e00000| PB 0x0000000085e00000| Untracked 
|  43|0x0000000085f00000, 0x0000000085f00000, 0x0000000086000000|  0%| F|  |TAMS 0x0000000085f00000| PB 0x0000000085f00000| Untracked 
|  44|0x0000000086000000, 0x0000000086000000, 0x0000000086100000|  0%| F|  |TAMS 0x0000000086000000| PB 0x0000000086000000| Untracked 
|  45|0x0000000086100000, 0x0000000086100000, 0x0000000086200000|  0%| F|  |TAMS 0x0000000086100000| PB 0x0000000086100000| Untracked 
|  46|0x0000000086200000, 0x0000000086200000, 0x0000000086300000|  0%| F|  |TAMS 0x0000000086200000| PB 0x0000000086200000| Untracked 
|  47|0x0000000086300000, 0x0000000086300000, 0x0000000086400000|  0%| F|  |TAMS 0x0000000086300000| PB 0x0000000086300000| Untracked 
|  48|0x0000000086400000, 0x0000000086400000, 0x0000000086500000|  0%| F|  |TAMS 0x0000000086400000| PB 0x0000000086400000| Untracked 
|  49|0x0000000086500000, 0x0000000086500000, 0x0000000086600000|  0%| F|  |TAMS 0x0000000086500000| PB 0x0000000086500000| Untracked 
|  50|0x0000000086600000, 0x0000000086600000, 0x0000000086700000|  0%| F|  |TAMS 0x0000000086600000| PB 0x0000000086600000| Untracked 
|  51|0x0000000086700000, 0x0000000086700000, 0x0000000086800000|  0%| F|  |TAMS 0x0000000086700000| PB 0x0000000086700000| Untracked 
|  52|0x0000000086800000, 0x0000000086800000, 0x0000000086900000|  0%| F|  |TAMS 0x0000000086800000| PB 0x0000000086800000| Untracked 
|  53|0x0000000086900000, 0x0000000086900000, 0x0000000086a00000|  0%| F|  |TAMS 0x0000000086900000| PB 0x0000000086900000| Untracked 
|  54|0x0000000086a00000, 0x0000000086a00000, 0x0000000086b00000|  0%| F|  |TAMS 0x0000000086a00000| PB 0x0000000086a00000| Untracked 
|  55|0x0000000086b00000, 0x0000000086b00000, 0x0000000086c00000|  0%| F|  |TAMS 0x0000000086b00000| PB 0x0000000086b00000| Untracked 
|  56|0x0000000086c00000, 0x0000000086c00000, 0x0000000086d00000|  0%| F|  |TAMS 0x0000000086c00000| PB 0x0000000086c00000| Untracked 
|  57|0x0000000086d00000, 0x0000000086d00000, 0x0000000086e00000|  0%| F|  |TAMS 0x0000000086d00000| PB 0x0000000086d00000| Untracked 
|  58|0x0000000086e00000, 0x0000000086e00000, 0x0000000086f00000|  0%| F|  |TAMS 0x0000000086e00000| PB 0x0000000086e00000| Untracked 
|  59|0x0000000086f00000, 0x0000000086f00000, 0x0000000087000000|  0%| F|  |TAMS 0x0000000086f00000| PB 0x0000000086f00000| Untracked 
|  60|0x0000000087000000, 0x0000000087000000, 0x0000000087100000|  0%| F|  |TAMS 0x0000000087000000| PB 0x0000000087000000| Untracked 
|  61|0x0000000087100000, 0x0000000087100000, 0x0000000087200000|  0%| F|  |TAMS 0x0000000087100000| PB 0x0000000087100000| Untracked 
|  62|0x0000000087200000, 0x0000000087200000, 0x0000000087300000|  0%| F|  |TAMS 0x0000000087200000| PB 0x0000000087200000| Untracked 
|  63|0x0000000087300000, 0x0000000087300000, 0x0000000087400000|  0%| F|  |TAMS 0x0000000087300000| PB 0x0000000087300000| Untracked 
|  64|0x0000000087400000, 0x0000000087400000, 0x0000000087500000|  0%| F|  |TAMS 0x0000000087400000| PB 0x0000000087400000| Untracked 
|  65|0x0000000087500000, 0x0000000087500000, 0x0000000087600000|  0%| F|  |TAMS 0x0000000087500000| PB 0x0000000087500000| Untracked 
|  66|0x0000000087600000, 0x0000000087600000, 0x0000000087700000|  0%| F|  |TAMS 0x0000000087600000| PB 0x0000000087600000| Untracked 
|  67|0x0000000087700000, 0x0000000087700000, 0x0000000087800000|  0%| F|  |TAMS 0x0000000087700000| PB 0x0000000087700000| Untracked 
|  68|0x0000000087800000, 0x0000000087800000, 0x0000000087900000|  0%| F|  |TAMS 0x0000000087800000| PB 0x0000000087800000| Untracked 
|  69|0x0000000087900000, 0x0000000087900000, 0x0000000087a00000|  0%| F|  |TAMS 0x0000000087900000| PB 0x0000000087900000| Untracked 
|  70|0x0000000087a00000, 0x0000000087a00000, 0x0000000087b00000|  0%| F|  |TAMS 0x0000000087a00000| PB 0x0000000087a00000| Untracked 
|  71|0x0000000087b00000, 0x0000000087b00000, 0x0000000087c00000|  0%| F|  |TAMS 0x0000000087b00000| PB 0x0000000087b00000| Untracked 
|  72|0x0000000087c00000, 0x0000000087c00000, 0x0000000087d00000|  0%| F|  |TAMS 0x0000000087c00000| PB 0x0000000087c00000| Untracked 
|  73|0x0000000087d00000, 0x0000000087d00000, 0x0000000087e00000|  0%| F|  |TAMS 0x0000000087d00000| PB 0x0000000087d00000| Untracked 
|  74|0x0000000087e00000, 0x0000000087e00000, 0x0000000087f00000|  0%| F|  |TAMS 0x0000000087e00000| PB 0x0000000087e00000| Untracked 
|  75|0x0000000087f00000, 0x0000000087f00000, 0x0000000088000000|  0%| F|  |TAMS 0x0000000087f00000| PB 0x0000000087f00000| Untracked 
|  76|0x0000000088000000, 0x0000000088000000, 0x0000000088100000|  0%| F|  |TAMS 0x0000000088000000| PB 0x0000000088000000| Untracked 
|  77|0x0000000088100000, 0x0000000088100000, 0x0000000088200000|  0%| F|  |TAMS 0x0000000088100000| PB 0x0000000088100000| Untracked 
|  78|0x0000000088200000, 0x0000000088200000, 0x0000000088300000|  0%| F|  |TAMS 0x0000000088200000| PB 0x0000000088200000| Untracked 
|  79|0x0000000088300000, 0x0000000088300000, 0x0000000088400000|  0%| F|  |TAMS 0x0000000088300000| PB 0x0000000088300000| Untracked 
|  80|0x0000000088400000, 0x0000000088400000, 0x0000000088500000|  0%| F|  |TAMS 0x0000000088400000| PB 0x0000000088400000| Untracked 
|  81|0x0000000088500000, 0x0000000088500000, 0x0000000088600000|  0%| F|  |TAMS 0x0000000088500000| PB 0x0000000088500000| Untracked 
|  82|0x0000000088600000, 0x0000000088600000, 0x0000000088700000|  0%| F|  |TAMS 0x0000000088600000| PB 0x0000000088600000| Untracked 
|  83|0x0000000088700000, 0x0000000088700000, 0x0000000088800000|  0%| F|  |TAMS 0x0000000088700000| PB 0x0000000088700000| Untracked 
|  84|0x0000000088800000, 0x0000000088800000, 0x0000000088900000|  0%| F|  |TAMS 0x0000000088800000| PB 0x0000000088800000| Untracked 
|  85|0x0000000088900000, 0x0000000088900000, 0x0000000088a00000|  0%| F|  |TAMS 0x0000000088900000| PB 0x0000000088900000| Untracked 
|  86|0x0000000088a00000, 0x0000000088a00000, 0x0000000088b00000|  0%| F|  |TAMS 0x0000000088a00000| PB 0x0000000088a00000| Untracked 
|  87|0x0000000088b00000, 0x0000000088b00000, 0x0000000088c00000|  0%| F|  |TAMS 0x0000000088b00000| PB 0x0000000088b00000| Untracked 
|  88|0x0000000088c00000, 0x0000000088c00000, 0x0000000088d00000|  0%| F|  |TAMS 0x0000000088c00000| PB 0x0000000088c00000| Untracked 
|  89|0x0000000088d00000, 0x0000000088d00000, 0x0000000088e00000|  0%| F|  |TAMS 0x0000000088d00000| PB 0x0000000088d00000| Untracked 
|  90|0x0000000088e00000, 0x0000000088e00000, 0x0000000088f00000|  0%| F|  |TAMS 0x0000000088e00000| PB 0x0000000088e00000| Untracked 
|  91|0x0000000088f00000, 0x0000000088f00000, 0x0000000089000000|  0%| F|  |TAMS 0x0000000088f00000| PB 0x0000000088f00000| Untracked 
|  92|0x0000000089000000, 0x0000000089000000, 0x0000000089100000|  0%| F|  |TAMS 0x0000000089000000| PB 0x0000000089000000| Untracked 
|  93|0x0000000089100000, 0x0000000089100000, 0x0000000089200000|  0%| F|  |TAMS 0x0000000089100000| PB 0x0000000089100000| Untracked 
|  94|0x0000000089200000, 0x0000000089200000, 0x0000000089300000|  0%| F|  |TAMS 0x0000000089200000| PB 0x0000000089200000| Untracked 
|  95|0x0000000089300000, 0x0000000089300000, 0x0000000089400000|  0%| F|  |TAMS 0x0000000089300000| PB 0x0000000089300000| Untracked 
|  96|0x0000000089400000, 0x0000000089400000, 0x0000000089500000|  0%| F|  |TAMS 0x0000000089400000| PB 0x0000000089400000| Untracked 
|  97|0x0000000089500000, 0x0000000089500000, 0x0000000089600000|  0%| F|  |TAMS 0x0000000089500000| PB 0x0000000089500000| Untracked 
|  98|0x0000000089600000, 0x0000000089600000, 0x0000000089700000|  0%| F|  |TAMS 0x0000000089600000| PB 0x0000000089600000| Untracked 
|  99|0x0000000089700000, 0x0000000089700000, 0x0000000089800000|  0%| F|  |TAMS 0x0000000089700000| PB 0x0000000089700000| Untracked 
| 100|0x0000000089800000, 0x0000000089800000, 0x0000000089900000|  0%| F|  |TAMS 0x0000000089800000| PB 0x0000000089800000| Untracked 
| 101|0x0000000089900000, 0x0000000089900000, 0x0000000089a00000|  0%| F|  |TAMS 0x0000000089900000| PB 0x0000000089900000| Untracked 
| 102|0x0000000089a00000, 0x0000000089a00000, 0x0000000089b00000|  0%| F|  |TAMS 0x0000000089a00000| PB 0x0000000089a00000| Untracked 
| 103|0x0000000089b00000, 0x0000000089b00000, 0x0000000089c00000|  0%| F|  |TAMS 0x0000000089b00000| PB 0x0000000089b00000| Untracked 
| 104|0x0000000089c00000, 0x0000000089c00000, 0x0000000089d00000|  0%| F|  |TAMS 0x0000000089c00000| PB 0x0000000089c00000| Untracked 
| 105|0x0000000089d00000, 0x0000000089d00000, 0x0000000089e00000|  0%| F|  |TAMS 0x0000000089d00000| PB 0x0000000089d00000| Untracked 
| 106|0x0000000089e00000, 0x0000000089e00000, 0x0000000089f00000|  0%| F|  |TAMS 0x0000000089e00000| PB 0x0000000089e00000| Untracked 
| 107|0x0000000089f00000, 0x0000000089f00000, 0x000000008a000000|  0%| F|  |TAMS 0x0000000089f00000| PB 0x0000000089f00000| Untracked 
| 108|0x000000008a000000, 0x000000008a000000, 0x000000008a100000|  0%| F|  |TAMS 0x000000008a000000| PB 0x000000008a000000| Untracked 
| 109|0x000000008a100000, 0x000000008a100000, 0x000000008a200000|  0%| F|  |TAMS 0x000000008a100000| PB 0x000000008a100000| Untracked 
| 110|0x000000008a200000, 0x000000008a200000, 0x000000008a300000|  0%| F|  |TAMS 0x000000008a200000| PB 0x000000008a200000| Untracked 
| 111|0x000000008a300000, 0x000000008a300000, 0x000000008a400000|  0%| F|  |TAMS 0x000000008a300000| PB 0x000000008a300000| Untracked 
| 112|0x000000008a400000, 0x000000008a400000, 0x000000008a500000|  0%| F|  |TAMS 0x000000008a400000| PB 0x000000008a400000| Untracked 
| 113|0x000000008a500000, 0x000000008a5edb60, 0x000000008a600000| 92%| E|  |TAMS 0x000000008a500000| PB 0x000000008a500000| Complete 
| 114|0x000000008a600000, 0x000000008a700000, 0x000000008a700000|100%| E|CS|TAMS 0x000000008a600000| PB 0x000000008a600000| Complete 
| 115|0x000000008a700000, 0x000000008a800000, 0x000000008a800000|100%| E|CS|TAMS 0x000000008a700000| PB 0x000000008a700000| Complete 
| 116|0x000000008a800000, 0x000000008a900000, 0x000000008a900000|100%| E|CS|TAMS 0x000000008a800000| PB 0x000000008a800000| Complete 
| 117|0x000000008a900000, 0x000000008aa00000, 0x000000008aa00000|100%| E|CS|TAMS 0x000000008a900000| PB 0x000000008a900000| Complete 
| 118|0x000000008aa00000, 0x000000008ab00000, 0x000000008ab00000|100%| E|CS|TAMS 0x000000008aa00000| PB 0x000000008aa00000| Complete 
| 119|0x000000008ab00000, 0x000000008ac00000, 0x000000008ac00000|100%| E|CS|TAMS 0x000000008ab00000| PB 0x000000008ab00000| Complete 
| 120|0x000000008ac00000, 0x000000008ad00000, 0x000000008ad00000|100%| E|CS|TAMS 0x000000008ac00000| PB 0x000000008ac00000| Complete 
| 121|0x000000008ad00000, 0x000000008ae00000, 0x000000008ae00000|100%| E|CS|TAMS 0x000000008ad00000| PB 0x000000008ad00000| Complete 
| 122|0x000000008ae00000, 0x000000008af00000, 0x000000008af00000|100%| E|CS|TAMS 0x000000008ae00000| PB 0x000000008ae00000| Complete 
| 123|0x000000008af00000, 0x000000008b000000, 0x000000008b000000|100%| E|CS|TAMS 0x000000008af00000| PB 0x000000008af00000| Complete 
| 124|0x000000008b000000, 0x000000008b100000, 0x000000008b100000|100%| E|CS|TAMS 0x000000008b000000| PB 0x000000008b000000| Complete 
| 125|0x000000008b100000, 0x000000008b200000, 0x000000008b200000|100%| E|CS|TAMS 0x000000008b100000| PB 0x000000008b100000| Complete 

Card table byte_map: [0x0000014e59620000,0x0000014e59a10000] _byte_map_base: 0x0000014e59206000

Marking Bits: (CMBitMap*) 0x0000014e4bad3060
 Bits: [0x0000014e59a10000, 0x0000014e5b940000)

Polling page: 0x0000014e4bc60000

Metaspace:

Usage:
  Non-class:      2.84 MB used.
      Class:    375.85 KB used.
       Both:      3.21 MB used.

Virtual space:
  Non-class space:       64.00 MB reserved,       2.94 MB (  5%) committed,  1 nodes.
      Class space:        1.00 GB reserved,     448.00 KB ( <1%) committed,  1 nodes.
             Both:        1.06 GB reserved,       3.38 MB ( <1%) committed. 

Chunk freelists:
   Non-Class:  11.89 MB
       Class:  15.58 MB
        Both:  27.47 MB

MaxMetaspaceSize: unlimited
CompressedClassSpaceSize: 1.00 GB
Initial GC threshold: 21.00 MB
Current GC threshold: 21.00 MB
CDS: on
 - commit_granule_bytes: 65536.
 - commit_granule_words: 8192.
 - virtual_space_node_default_size: 8388608.
 - enlarge_chunks_in_place: 1.
 - use_allocation_guard: 0.


Internal statistics:

num_allocs_failed_limit: 0.
num_arena_births: 92.
num_arena_deaths: 0.
num_vsnodes_births: 2.
num_vsnodes_deaths: 0.
num_space_committed: 54.
num_space_uncommitted: 0.
num_chunks_returned_to_freelist: 0.
num_chunks_taken_from_freelist: 98.
num_chunk_merges: 0.
num_chunk_splits: 70.
num_chunks_enlarged: 43.
num_inconsistent_stats: 0.

CodeCache: size=49152Kb used=3582Kb max_used=3582Kb free=45569Kb
 bounds [0x0000014e55950000, 0x0000014e55cd0000, 0x0000014e58950000]
 total_blobs=1246 nmethods=804 adapters=365
 compilation: disabled (not enough contiguous free space left)
              stopped_count=1, restarted_count=0
 full_count=1

Compilation events (20 events):
Event: 0.724 Thread 0x0000014e5e542e10 nmethod 724 0x0000014e55cad890 code [0x0000014e55cada40, 0x0000014e55cadbe8]
Event: 0.725 Thread 0x0000014e5e5456f0  725       1       jdk.internal.util.xml.impl.Attrs::getLength (5 bytes)
Event: 0.725 Thread 0x0000014e5e5456f0 nmethod 725 0x0000014e55cadd10 code [0x0000014e55cadea0, 0x0000014e55cadf68]
Event: 0.725 Thread 0x0000014e5e5456f0  726       1       jdk.jfr.internal.jfc.model.Constraint::type (5 bytes)
Event: 0.725 Thread 0x0000014e5e5456f0 nmethod 726 0x0000014e55cae010 code [0x0000014e55cae1a0, 0x0000014e55cae268]
Event: 0.725 Thread 0x0000014e5e4471a0  727       1       jdk.internal.util.xml.impl.Parser::step (891 bytes)
Event: 0.726 Thread 0x0000014e5e5456f0  728       1       java.lang.String::regionMatches (150 bytes)
Event: 0.726 Thread 0x0000014e5e542e10  729       1       java.lang.StringLatin1::regionMatchesCI (45 bytes)
Event: 0.726 Thread 0x0000014e5e542e10 nmethod 729 0x0000014e55cae310 code [0x0000014e55cae4c0, 0x0000014e55cae678]
Event: 0.726 Thread 0x0000014e5e542e10  730       1       java.lang.Class::getReflectionFactory (28 bytes)
Event: 0.727 Thread 0x0000014e5e5456f0 nmethod 728 0x0000014e55cae810 code [0x0000014e55caea00, 0x0000014e55caed00]
Event: 0.727 Thread 0x0000014e5e5456f0  733       1       jdk.internal.util.xml.impl.Parser::bname (354 bytes)
Event: 0.727 Thread 0x0000014e5e542e10 nmethod 730 0x0000014e55caee90 code [0x0000014e55caf040, 0x0000014e55caf228]
Event: 0.727 Thread 0x0000014e5e542e10  732       1       jdk.internal.util.xml.impl.Parser::pair (38 bytes)
Event: 0.727 Thread 0x0000014e5e542e10 nmethod 732 0x0000014e55caf310 code [0x0000014e55caf4c0, 0x0000014e55caf6c8]
Event: 0.727 Thread 0x0000014e5e542e10  731       1       jdk.internal.util.xml.impl.Parser::bcopy (41 bytes)
Event: 0.727 Thread 0x0000014e5e542e10 nmethod 731 0x0000014e55cafb90 code [0x0000014e55cafd40, 0x0000014e55caff18]
Event: 0.727 Thread 0x0000014e5e542e10  734       1       jdk.internal.util.xml.impl.Parser::del (40 bytes)
Event: 0.728 Thread 0x0000014e5e542e10 nmethod 734 0x0000014e55cb0010 code [0x0000014e55cb01c0, 0x0000014e55cb0410]
Event: 0.728 Thread 0x0000014e5e542e10  736       1       java.util.ArrayList::<init> (61 bytes)

GC Heap History (0 events):
No events

Dll operation events (11 events):
Event: 0.014 Loaded shared library C:\Users\samnd\.jdks\openjdk-21.0.1\bin\java.dll
Event: 0.304 Loaded shared library C:\Users\samnd\.jdks\openjdk-21.0.1\bin\zip.dll
Event: 0.311 Loaded shared library C:\Users\samnd\.jdks\openjdk-21.0.1\bin\instrument.dll
Event: 0.323 Loaded shared library C:\Users\samnd\.jdks\openjdk-21.0.1\bin\net.dll
Event: 0.328 Loaded shared library C:\Users\samnd\.jdks\openjdk-21.0.1\bin\nio.dll
Event: 0.333 Loaded shared library C:\Users\samnd\.jdks\openjdk-21.0.1\bin\zip.dll
Event: 0.483 Loaded shared library C:\Program Files\JetBrains\IntelliJ IDEA 2023.3\bin\breakgen64.dll
Event: 0.493 Loaded shared library C:\Users\samnd\.jdks\openjdk-21.0.1\bin\jimage.dll
Event: 0.503 Loaded shared library C:\Users\samnd\.jdks\openjdk-21.0.1\bin\extnet.dll
Event: 0.527 Loaded shared library C:\Users\samnd\.jdks\openjdk-21.0.1\bin\management.dll
Event: 0.544 Loaded shared library C:\Users\samnd\.jdks\openjdk-21.0.1\bin\management_ext.dll

Deoptimization events (0 events):
No events

Classes loaded (20 events):
Event: 0.717 Loading class jdk/internal/org/xml/sax/InputSource
Event: 0.717 Loading class jdk/internal/org/xml/sax/InputSource done
Event: 0.717 Loading class jdk/internal/util/xml/impl/Input
Event: 0.717 Loading class jdk/internal/util/xml/impl/Input done
Event: 0.717 Loading class jdk/jfr/internal/jfc/model/XmlConfiguration
Event: 0.718 Loading class jdk/jfr/internal/jfc/model/XmlElement
Event: 0.718 Loading class jdk/jfr/internal/jfc/model/XmlElement done
Event: 0.718 Loading class jdk/jfr/internal/jfc/model/XmlConfiguration done
Event: 0.718 Loading class jdk/jfr/internal/jfc/model/Utilities
Event: 0.718 Loading class jdk/jfr/internal/jfc/model/Utilities done
Event: 0.718 Loading class jdk/jfr/internal/jfc/model/XmlEvent
Event: 0.719 Loading class jdk/jfr/internal/jfc/model/XmlEvent done
Event: 0.719 Loading class jdk/jfr/internal/jfc/model/Constraint
Event: 0.719 Loading class jdk/jfr/internal/jfc/model/Constraint done
Event: 0.719 Loading class jdk/jfr/internal/jfc/model/XmlControl
Event: 0.719 Loading class jdk/jfr/internal/jfc/model/XmlControl done
Event: 0.719 Loading class jdk/jfr/internal/jfc/model/XmlSetting
Event: 0.720 Loading class jdk/jfr/internal/jfc/model/XmlSetting done
Event: 0.720 Loading class jdk/jfr/internal/jfc/model/SettingsLog
Event: 0.720 Loading class jdk/jfr/internal/jfc/model/SettingsLog done

Classes unloaded (0 events):
No events

Classes redefined (0 events):
No events

Internal exceptions (7 events):
Event: 0.464 Thread 0x0000014e4ba61d00 Exception <a 'java/lang/NoSuchMethodError'{0x000000008aa2d660}: 'void java.lang.invoke.DirectMethodHandle$Holder.invokeStatic(java.lang.Object, java.lang.Object, java.lang.Object)'> (0x000000008aa2d660) 
thrown [s\open\src\hotspot\share\interpreter\linkResolver.cpp, line 773]
Event: 0.473 Thread 0x0000014e4ba61d00 Exception <a 'java/lang/NoSuchMethodError'{0x000000008aa44b68}: 'java.lang.Object java.lang.invoke.Invokers$Holder.invokeExact_MT(java.lang.Object, java.lang.Object, java.lang.Object, java.lang.Object, java.lang.Object)'> (0x000000008aa44b68) 
thrown [s\open\src\hotspot\share\interpreter\linkResolver.cpp, line 773]
Event: 0.505 Thread 0x0000014e5ea8e820 Exception <a 'java/lang/NoSuchMethodError'{0x000000008aaa1068}: 'void java.lang.invoke.DirectMethodHandle$Holder.invokeStatic(java.lang.Object, java.lang.Object)'> (0x000000008aaa1068) 
thrown [s\open\src\hotspot\share\interpreter\linkResolver.cpp, line 773]
Event: 0.549 Thread 0x0000014e4ba61d00 Exception <a 'java/lang/NoSuchMethodError'{0x000000008aa8a800}: 'int java.lang.invoke.DirectMethodHandle$Holder.invokeInterface(java.lang.Object, java.lang.Object)'> (0x000000008aa8a800) 
thrown [s\open\src\hotspot\share\interpreter\linkResolver.cpp, line 773]
Event: 0.549 Thread 0x0000014e4ba61d00 Exception <a 'java/lang/IncompatibleClassChangeError'{0x000000008aa8db18}: Found class java.lang.Object, but interface was expected> (0x000000008aa8db18) 
thrown [s\open\src\hotspot\share\interpreter\linkResolver.cpp, line 840]
Event: 0.627 Thread 0x0000014e4ba61d00 Exception <a 'java/lang/NoSuchMethodError'{0x000000008a9bc028}: 'int java.lang.invoke.DirectMethodHandle$Holder.invokeSpecial(java.lang.Object, java.lang.Object, java.lang.Object)'> (0x000000008a9bc028) 
thrown [s\open\src\hotspot\share\interpreter\linkResolver.cpp, line 773]
Event: 0.694 Thread 0x0000014e4ba61d00 Exception <a 'java/lang/NoSuchMethodError'{0x000000008a703de0}: 'java.lang.Object java.lang.invoke.DirectMethodHandle$Holder.invokeStaticInit(java.lang.Object, java.lang.Object, java.lang.Object)'> (0x000000008a703de0) 
thrown [s\open\src\hotspot\share\interpreter\linkResolver.cpp, line 773]

ZGC Phase Switch (0 events):
No events

VM Operations (2 events):
Event: 0.281 Executing VM operation: HandshakeAllThreads (Deoptimize)
Event: 0.282 Executing VM operation: HandshakeAllThreads (Deoptimize) done

Events (13 events):
Event: 0.040 Thread 0x0000014e4ba61d00 Thread added: 0x0000014e4ba61d00
Event: 0.070 Thread 0x0000014e5dced800 Thread added: 0x0000014e5dced800
Event: 0.070 Thread 0x0000014e5dcee720 Thread added: 0x0000014e5dcee720
Event: 0.071 Thread 0x0000014e5e43a460 Thread added: 0x0000014e5e43a460
Event: 0.071 Thread 0x0000014e5e43c2b0 Thread added: 0x0000014e5e43c2b0
Event: 0.071 Thread 0x0000014e5e43d4b0 Thread added: 0x0000014e5e43d4b0
Event: 0.071 Thread 0x0000014e5e43e7e0 Thread added: 0x0000014e5e43e7e0
Event: 0.071 Thread 0x0000014e5e4471a0 Thread added: 0x0000014e5e4471a0
Event: 0.266 Thread 0x0000014e5dcbe6a0 Thread added: 0x0000014e5dcbe6a0
Event: 0.282 Thread 0x0000014e5e5456f0 Thread added: 0x0000014e5e5456f0
Event: 0.283 Thread 0x0000014e5e542e10 Thread added: 0x0000014e5e542e10
Event: 0.485 Thread 0x0000014e5ea8e820 Thread added: 0x0000014e5ea8e820
Event: 0.485 Thread 0x0000014e630020d0 Thread added: 0x0000014e630020d0


Dynamic libraries:
0x00007ff735be0000 - 0x00007ff735bee000 	C:\Users\samnd\.jdks\openjdk-21.0.1\bin\java.exe
0x00007ffda1570000 - 0x00007ffda1787000 	C:\WINDOWS\SYSTEM32\ntdll.dll
0x00007ffd9fe60000 - 0x00007ffd9ff24000 	C:\WINDOWS\System32\KERNEL32.DLL
0x00007ffd9ee30000 - 0x00007ffd9f1e7000 	C:\WINDOWS\System32\KERNELBASE.dll
0x00007ffd9e8f0000 - 0x00007ffd9ea01000 	C:\WINDOWS\System32\ucrtbase.dll
0x00007ffd28980000 - 0x00007ffd2899b000 	C:\Users\samnd\.jdks\openjdk-21.0.1\bin\VCRUNTIME140.dll
0x00007ffd34fd0000 - 0x00007ffd34fe8000 	C:\Users\samnd\.jdks\openjdk-21.0.1\bin\jli.dll
0x00007ffd9f990000 - 0x00007ffd9fb3f000 	C:\WINDOWS\System32\USER32.dll
0x00007ffd9ee00000 - 0x00007ffd9ee26000 	C:\WINDOWS\System32\win32u.dll
0x00007ffd8a2c0000 - 0x00007ffd8a553000 	C:\WINDOWS\WinSxS\amd64_microsoft.windows.common-controls_6595b64144ccf1df_6.0.22621.3672_none_2713b9d173822955\COMCTL32.dll
0x00007ffd9fe10000 - 0x00007ffd9fe39000 	C:\WINDOWS\System32\GDI32.dll
0x00007ffda0d90000 - 0x00007ffda0e37000 	C:\WINDOWS\System32\msvcrt.dll
0x00007ffd9ec40000 - 0x00007ffd9ed58000 	C:\WINDOWS\System32\gdi32full.dll
0x00007ffd9ed60000 - 0x00007ffd9edfa000 	C:\WINDOWS\System32\msvcp_win.dll
0x00007ffda0c90000 - 0x00007ffda0cc1000 	C:\WINDOWS\System32\IMM32.DLL
0x00007ffd873d0000 - 0x00007ffd873dc000 	C:\Users\samnd\.jdks\openjdk-21.0.1\bin\vcruntime140_1.dll
0x00007ffce3b90000 - 0x00007ffce3c1e000 	C:\Users\samnd\.jdks\openjdk-21.0.1\bin\msvcp140.dll
0x00007ffca3c10000 - 0x00007ffca4925000 	C:\Users\samnd\.jdks\openjdk-21.0.1\bin\server\jvm.dll
0x00007ffda0cd0000 - 0x00007ffda0d82000 	C:\WINDOWS\System32\ADVAPI32.dll
0x00007ffd9f6d0000 - 0x00007ffd9f778000 	C:\WINDOWS\System32\sechost.dll
0x00007ffd9f270000 - 0x00007ffd9f298000 	C:\WINDOWS\System32\bcrypt.dll
0x00007ffd9fb40000 - 0x00007ffd9fc54000 	C:\WINDOWS\System32\RPCRT4.dll
0x00007ffda1350000 - 0x00007ffda13c1000 	C:\WINDOWS\System32\WS2_32.dll
0x00007ffd9e750000 - 0x00007ffd9e79d000 	C:\WINDOWS\SYSTEM32\POWRPROF.dll
0x00007ffd98820000 - 0x00007ffd98854000 	C:\WINDOWS\SYSTEM32\WINMM.dll
0x00007ffd97300000 - 0x00007ffd9730a000 	C:\WINDOWS\SYSTEM32\VERSION.dll
0x00007ffd9e730000 - 0x00007ffd9e743000 	C:\WINDOWS\SYSTEM32\UMPDC.dll
0x00007ffd9d890000 - 0x00007ffd9d8a8000 	C:\WINDOWS\SYSTEM32\kernel.appcore.dll
0x00007ffd46a70000 - 0x00007ffd46a7a000 	C:\Users\samnd\.jdks\openjdk-21.0.1\bin\jimage.dll
0x0000000077290000 - 0x00000000773ee000 	c:\Program Files\Microsoft SQL Server\100\Shared\DBGHELP.DLL
0x00007ffd40570000 - 0x00007ffd4057f000 	C:\Users\samnd\.jdks\openjdk-21.0.1\bin\instrument.dll
0x00007ffd27e60000 - 0x00007ffd27e7f000 	C:\Users\samnd\.jdks\openjdk-21.0.1\bin\java.dll
0x00007ffd9ff30000 - 0x00007ffda0799000 	C:\WINDOWS\System32\SHELL32.dll
0x00007ffd9c790000 - 0x00007ffd9d08f000 	C:\WINDOWS\SYSTEM32\windows.storage.dll
0x00007ffd9f2a0000 - 0x00007ffd9f62e000 	C:\WINDOWS\System32\combase.dll
0x00007ffd9c410000 - 0x00007ffd9c54f000 	C:\WINDOWS\SYSTEM32\wintypes.dll
0x00007ffda11c0000 - 0x00007ffda12b9000 	C:\WINDOWS\System32\SHCORE.dll
0x00007ffda13d0000 - 0x00007ffda142e000 	C:\WINDOWS\System32\shlwapi.dll
0x00007ffd9e7b0000 - 0x00007ffd9e7d7000 	C:\WINDOWS\SYSTEM32\profapi.dll
0x00007ffd0bfd0000 - 0x00007ffd0bfe8000 	C:\Users\samnd\.jdks\openjdk-21.0.1\bin\zip.dll
0x00007ffd44160000 - 0x00007ffd44170000 	C:\Users\samnd\.jdks\openjdk-21.0.1\bin\net.dll
0x00007ffd98a50000 - 0x00007ffd98b86000 	C:\WINDOWS\SYSTEM32\WINHTTP.dll
0x00007ffd9dd00000 - 0x00007ffd9dd69000 	C:\WINDOWS\system32\mswsock.dll
0x00007ffd0c8b0000 - 0x00007ffd0c8c6000 	C:\Users\samnd\.jdks\openjdk-21.0.1\bin\nio.dll
0x00007ffd27950000 - 0x00007ffd2796a000 	C:\Program Files\JetBrains\IntelliJ IDEA 2023.3\bin\breakgen64.dll
0x00007ffd43470000 - 0x00007ffd43477000 	C:\Users\samnd\.jdks\openjdk-21.0.1\bin\extnet.dll
0x00007ffd9d330000 - 0x00007ffd9d432000 	C:\WINDOWS\SYSTEM32\DNSAPI.dll
0x00007ffd9d300000 - 0x00007ffd9d32d000 	C:\WINDOWS\SYSTEM32\IPHLPAPI.DLL
0x00007ffda07a0000 - 0x00007ffda07a9000 	C:\WINDOWS\System32\NSI.dll
0x00007ffd95e50000 - 0x00007ffd95e5a000 	C:\Windows\System32\rasadhlp.dll
0x00007ffd98020000 - 0x00007ffd980a3000 	C:\WINDOWS\System32\fwpuclnt.dll
0x00007ffd403f0000 - 0x00007ffd403fa000 	C:\Users\samnd\.jdks\openjdk-21.0.1\bin\management.dll
0x00007ffd3e120000 - 0x00007ffd3e12b000 	C:\Users\samnd\.jdks\openjdk-21.0.1\bin\management_ext.dll
0x00007ffd9f6c0000 - 0x00007ffd9f6c8000 	C:\WINDOWS\System32\PSAPI.DLL

dbghelp: loaded successfully - version: 4.0.5 - missing functions: none
symbol engine: initialized successfully - sym options: 0x614 - pdb path: .;C:\Users\samnd\.jdks\openjdk-21.0.1\bin;C:\WINDOWS\SYSTEM32;C:\WINDOWS\WinSxS\amd64_microsoft.windows.common-controls_6595b64144ccf1df_6.0.22621.3672_none_2713b9d173822955;C:\Users\samnd\.jdks\openjdk-21.0.1\bin\server;c:\Program Files\Microsoft SQL Server\100\Shared;C:\Program Files\JetBrains\IntelliJ IDEA 2023.3\bin

VM Arguments:
jvm_args: -XX:TieredStopAtLevel=1 -Dspring.output.ansi.enabled=always -Dcom.sun.management.jmxremote -Dspring.jmx.enabled=true -Dspring.liveBeansView.mbeanDomain -Dspring.application.admin.enabled=true -Dmanagement.endpoints.jmx.exposure.include=* -javaagent:C:\Program Files\JetBrains\IntelliJ IDEA 2023.3\lib\idea_rt.jar=63698:C:\Program Files\JetBrains\IntelliJ IDEA 2023.3\bin -Dfile.encoding=UTF-8 -Dsun.stdout.encoding=UTF-8 -Dsun.stderr.encoding=UTF-8 
java_command: com.makarimal.peopleDB_web.PeopleDbWebApplication
java_class_path (initial): C:\Users\samnd\peopleDB-web\peopleDB-web\target\classes;C:\Users\samnd\.m2\repository\org\springframework\boot\spring-boot-starter-data-jpa\3.3.4\spring-boot-starter-data-jpa-3.3.4.jar;C:\Users\samnd\.m2\repository\org\springframework\boot\spring-boot-starter-aop\3.3.4\spring-boot-starter-aop-3.3.4.jar;C:\Users\samnd\.m2\repository\org\springframework\spring-aop\6.1.13\spring-aop-6.1.13.jar;C:\Users\samnd\.m2\repository\org\aspectj\aspectjweaver\1.9.22.1\aspectjweaver-1.9.22.1.jar;C:\Users\samnd\.m2\repository\org\springframework\boot\spring-boot-starter-jdbc\3.3.4\spring-boot-starter-jdbc-3.3.4.jar;C:\Users\samnd\.m2\repository\com\zaxxer\HikariCP\5.1.0\HikariCP-5.1.0.jar;C:\Users\samnd\.m2\repository\org\springframework\spring-jdbc\6.1.13\spring-jdbc-6.1.13.jar;C:\Users\samnd\.m2\repository\org\hibernate\orm\hibernate-core\6.5.3.Final\hibernate-core-6.5.3.Final.jar;C:\Users\samnd\.m2\repository\jakarta\persistence\jakarta.persistence-api\3.1.0\jakarta.persistence-api-3.1.0.jar;C:\Users\samnd\.m2\repository\jakarta\transaction\jakarta.transaction-api\2.0.1\jakarta.transaction-api-2.0.1.jar;C:\Users\samnd\.m2\repository\org\jboss\logging\jboss-logging\3.5.3.Final\jboss-logging-3.5.3.Final.jar;C:\Users\samnd\.m2\repository\org\hibernate\common\hibernate-commons-annotations\6.0.6.Final\hibernate-commons-annotations-6.0.6.Final.jar;C:\Users\samnd\.m2\repository\io\smallrye\jandex\3.1.2\jandex-3.1.2.jar;C:\Users\samnd\.m2\repository\com\fasterxml\classmate\1.7.0\classmate-1.7.0.jar;C:\Users\samnd\.m2\repository\net\bytebuddy\byte-buddy\1.14.19\byte-buddy-1.14.19.jar;C:\Users\samnd\.m2\repository\org\glassfish\jaxb\jaxb-runtime\4.0.5\jaxb-runtime-4.0.5.jar;C:\Users\samnd\.m2\repository\org\glassfish\jaxb\jaxb-core\4.0.5\jaxb-core-4.0.5.jar;C:\Users\samnd\.m2\repository\org\eclipse\angus\angus-activation\2.0.2\angus-activation-2.0.2.jar;C:\Users\samnd\.m2\repository\org\glassfish\jaxb\txw2\4.0.5\txw2-4.0.5.jar;C:\Users\samnd\.m2\repository\com\sun\istack\istack-commons-runtime\4.1.2\istack-commons-runtime-4.1.2.jar;C:\Users\samnd\.m2\repository\jakarta\inject\jakarta.inject-api\2.0.1\jakarta.inject-api-2.0.1.jar;C:\Users\samnd\.m2\repository\org\antlr\antlr4-runtime\4.13.0\antlr4-runtime-4.13.0.jar;C:\Users\samnd\.m2\repository\org\springframework\data\spring-data-jpa\3.3.4\spring-data-jpa-3.3.4.jar;C:\Users\samnd\.m2\repository\org\springframework\data\spring-data-commons\3.3.4\spring-data-commons-3.3.4.jar;C:\Users\samnd\.m2\repository\org\springframework\spring-orm\6.1.13\spring-orm-6.1.13.jar;C:\Users\samnd\.m2\repository\org\springframework\spring-context\6.1.13\spring-context-6.1.13.jar;C:\Users\samnd\.m2\repository\org\springframework\spring-tx\6.1.13\spring-tx-6.1.13.jar;C:\Users\samnd\.m2\repository\org\springframework\spring-beans\6.1.13\spring-beans-6.1.13.jar;C:\Users\samnd\.m2\repository\jakarta\annotation\jakarta.annotation-api\2.1.1\jakarta.annotation-api-2.1.1.jar;C:\Users\samnd\.m2\repository\org\slf4j\slf4j-api\2.0.16\slf4j-api-2.0.16.jar;C:\Users\samnd\.m2\repository\org\springframework\spring-aspects\6.1.13\spring-aspects-6.1.13.jar;C:\Users\samnd\.m2\repository\org\springframework\boot\spring-boot-starter-thymeleaf\3.3.4\spring-boot-starter-thymeleaf-3.3.4.jar;C:\Users\samnd\.m2\repository\org\springframework\boot\spring-boot-starter\3.3.4\spring-boot-starter-3.3.4.jar;C:\Users\samnd\.m2\repository\org\springframework\boot\spring-boot-starter-logging\3.3.4\spring-boot-starter-logging-3.3.4.jar;C:\Users\samnd\.m2\repository\ch\qos\logback\logback-classic\1.5.8\logback-classic-1.5.8.jar;C:\Users\samnd\.m2\repository\ch\qos\logback\logback-core\1.5.8\logback-core-1.5.8.jar;C:\Users\samnd\.m2\repository\org\apache\logging\log4j\log4j-to-slf4j\2.23.1\log4j-to-slf4j-2.23.1.jar;C:\Users\samnd\.m2\repository\org\apache\logging\log4j\log4j-api\2.23.1\log4j-api-2.23.1.jar;C:\Users\samnd\.m2\repository\org\slf4j\jul-to-slf4j\2.0.16\jul-to-slf4j-2.0.16.jar;C:\Users\samnd\.m2\repository\org\yaml\snakeyaml\2.2\snakeyaml-2.2.jar;C:\Users\samnd\.m2\repository\org\thymeleaf\thymeleaf-spring6\3.1.2.RELEASE\thymeleaf-spring6-3.1.2.RELEASE.jar;C:\Users\samnd\.m2\repository\org\thymeleaf\thymeleaf\3.1.2.RELEASE\thymeleaf-3.1.2.RELEASE.jar;C:\Users\samnd\.m2\repository\org\attoparser\attoparser\2.0.7.RELEASE\attoparser-2.0.7.RELEASE.jar;C:\Users\samnd\.m2\repository\org\unbescape\unbescape\1.1.6.RELEASE\unbescape-1.1.6.RELEASE.jar;C:\Users\samnd\.m2\repository\org\springframework\boot\spring-boot-starter-validation\3.3.4\spring-boot-starter-validation-3.3.4.jar;C:\Users\samnd\.m2\repository\org\apache\tomcat\embed\tomcat-embed-el\10.1.30\tomcat-embed-el-10.1.30.jar;C:\Users\samnd\.m2\repository\org\hibernate\validator\hibernate-validator\8.0.1.Final\hibernate-validator-8.0.1.Final.jar;C:\Users\samnd\.m2\repository\jakarta\validation\jakarta.validation-api\3.0.2\jakarta.validation-api-3.0.2.jar;C:\Users\samnd\.m2\repository\org\springframework\boot\spring-boot-starter-web\3.3.4\spring-boot-starter-web-3.3.4.jar;C:\Users\samnd\.m2\repository\org\springframework\boot\spring-boot-starter-json\3.3.4\spring-boot-starter-json-3.3.4.jar;C:\Users\samnd\.m2\repository\com\fasterxml\jackson\core\jackson-databind\2.17.2\jackson-databind-2.17.2.jar;C:\Users\samnd\.m2\repository\com\fasterxml\jackson\core\jackson-annotations\2.17.2\jackson-annotations-2.17.2.jar;C:\Users\samnd\.m2\repository\com\fasterxml\jackson\core\jackson-core\2.17.2\jackson-core-2.17.2.jar;C:\Users\samnd\.m2\repository\com\fasterxml\jackson\datatype\jackson-datatype-jdk8\2.17.2\jackson-datatype-jdk8-2.17.2.jar;C:\Users\samnd\.m2\repository\com\fasterxml\jackson\datatype\jackson-datatype-jsr310\2.17.2\jackson-datatype-jsr310-2.17.2.jar;C:\Users\samnd\.m2\repository\com\fasterxml\jackson\module\jackson-module-parameter-names\2.17.2\jackson-module-parameter-names-2.17.2.jar;C:\Users\samnd\.m2\repository\org\springframework\boot\spring-boot-starter-tomcat\3.3.4\spring-boot-starter-tomcat-3.3.4.jar;C:\Users\samnd\.m2\repository\org\apache\tomcat\embed\tomcat-embed-core\10.1.30\tomcat-embed-core-10.1.30.jar;C:\Users\samnd\.m2\repository\org\apache\tomcat\embed\tomcat-embed-websocket\10.1.30\tomcat-embed-websocket-10.1.30.jar;C:\Users\samnd\.m2\repository\org\springframework\spring-web\6.1.13\spring-web-6.1.13.jar;C:\Users\samnd\.m2\repository\io\micrometer\micrometer-observation\1.13.4\micrometer-observation-1.13.4.jar;C:\Users\samnd\.m2\repository\io\micrometer\micrometer-commons\1.13.4\micrometer-commons-1.13.4.jar;C:\Users\samnd\.m2\repository\org\springframework\spring-webmvc\6.1.13\spring-webmvc-6.1.13.jar;C:\Users\samnd\.m2\repository\org\springframework\spring-expression\6.1.13\spring-expression-6.1.13.jar;C:\Users\samnd\.m2\repository\org\springframework\boot\spring-boot-devtools\3.3.4\spring-boot-devtools-3.3.4.jar;C:\Users\samnd\.m2\repository\org\springframework\boot\spring-boot\3.3.4\spring-boot-3.3.4.jar;C:\Users\samnd\.m2\repository\org\springframework\boot\spring-boot-autoconfigure\3.3.4\spring-boot-autoconfigure-3.3.4.jar;C:\Users\samnd\.m2\repository\com\h2database\h2\2.2.224\h2-2.2.224.jar;C:\Users\samnd\.m2\repository\org\projectlombok\lombok\1.18.34\lombok-1.18.34.jar;C:\Users\samnd\.m2\repository\jakarta\xml\bind\jakarta.xml.bind-api\4.0.2\jakarta.xml.bind-api-4.0.2.jar;C:\Users\samnd\.m2\repository\jakarta\activation\jakarta.activation-api\2.1.3\jakarta.activation-api-2.1.3.jar;C:\Users\samnd\.m2\repository\org\springframework\spring-core\6.1.13\spring-core-6.1.13.jar;C:\Users\samnd\.m2\repository\org\springframework\spring-jcl\6.1.13\spring-jcl-6.1.13.jar
Launcher Type: SUN_STANDARD

[Global flags]
     intx CICompilerCount                          = 4                                         {product} {ergonomic}
     uint ConcGCThreads                            = 2                                         {product} {ergonomic}
     uint G1ConcRefinementThreads                  = 8                                         {product} {ergonomic}
   size_t G1HeapRegionSize                         = 1048576                                   {product} {ergonomic}
    uintx GCDrainStackTargetSize                   = 64                                        {product} {ergonomic}
   size_t InitialHeapSize                          = 132120576                                 {product} {ergonomic}
     bool ManagementServer                         = true                                      {product} {command line}
   size_t MarkStackSize                            = 4194304                                   {product} {ergonomic}
   size_t MaxHeapSize                              = 2092957696                                {product} {ergonomic}
   size_t MaxNewSize                               = 1255145472                                {product} {ergonomic}
   size_t MinHeapDeltaBytes                        = 1048576                                   {product} {ergonomic}
   size_t MinHeapSize                              = 8388608                                   {product} {ergonomic}
    uintx NonNMethodCodeHeapSize                   = 4096                                   {pd product} {ergonomic}
    uintx NonProfiledCodeHeapSize                  = 0                                      {pd product} {ergonomic}
     bool ProfileInterpreter                       = false                                  {pd product} {command line}
    uintx ProfiledCodeHeapSize                     = 0                                      {pd product} {ergonomic}
   size_t SoftMaxHeapSize                          = 2092957696                             {manageable} {ergonomic}
     intx TieredStopAtLevel                        = 1                                         {product} {command line}
     bool UseCompressedOops                        = true                           {product lp64_product} {ergonomic}
     bool UseG1GC                                  = true                                      {product} {ergonomic}
     bool UseLargePagesIndividualAllocation        = false                                  {pd product} {ergonomic}

Logging:
Log output configuration:
 #0: stdout all=warning uptime,level,tags foldmultilines=false
 #1: stderr all=off uptime,level,tags foldmultilines=false

Environment Variables:
JAVA_HOME=C:\Program Files\Amazon Corretto\jdk11.0.24_8
PATH=C:\Program Files\Amazon Corretto\jdk11.0.24_8\bin;C:\app\samnd\product\23ai\dbhomeFree\bin;C:\Users\samnd\Downloads\WINDOWS.X64_213000_db_home\bin;C:\Python311\Scripts\;C:\Python311\;C:\App\WINDOWS.X64_193000_db_home\bin;C:\oraclexe\app\oracle\product\11.2.0\server\bin;C:\Program Files\Common Files\Oracle\Java\javapath;C:\Windows\system32;C:\Windows;C:\Windows\System32\Wbem;C:\Windows\System32\WindowsPowerShell\v1.0\;C:\Windows\System32\OpenSSH\;c:\Program Files (x86)\Microsoft SQL Server\100\Tools\Binn\;c:\Program Files\Microsoft SQL Server\100\Tools\Binn\;c:\Program Files\Microsoft SQL Server\100\DTS\Binn\;C:\Program Files\Java\jdk-11.0.11\bin;C:\Program Files\erl10.7\bin;C:\Users\samnd\.mix\escripts;C:\ProgramData\chocolatey\bin;C:\ProgramData\chocolatey\lib\Elixir/bin;C:\Program Files\erl-24.0\bin;C:\Program Files (x86)\Elixir\bin;C:\Users\samnd\.mix\escripts;C:\WINDOWS\system32;C:\WINDOWS;C:\WINDOWS\System32\Wbem;C:\WINDOWS\System32\WindowsPowerShell\v1.0\;C:\WINDOWS\System32\OpenSSH\;C:\Users\samnd\AppData\Roaming\nvm;C:\Program Files\nodejs;C:\Program Files\Docker\Docker\resources\bin;C:\Program Files (x86)\GitExtensions\;C:\Program Files\nodejs\;C:\Program Files\Git\cmd;C:\HashiCorp\Vagrant\bin;C:\ProgramData\chocolatey\lib\maven\apache-maven-3.9.9\bin;C:\Program Files\Amazon\AWSCLIV2\;C:\Program Files\MySQL\MySQL Shell 8.0\bin\;C:\Users\samnd\AppData\Local\Microsoft\WindowsApps;C:\Users\samnd\AppData\Local\Programs\Microsoft VS Code\bin;C:\Users\samnd\AppData\Roaming\nvm;C:\Program Files\nodejs;C:\Users\samnd\AppData\Roaming\npm\node_modules\@angular\cli\bin;;C:\Program Files\JetBrains\IntelliJ IDEA 233.11799.67\bin;;C:\Users\samnd\AppData\Roaming\npm;C:\Program Files\Oracle\VirtualBox
USERNAME=samnd
OS=Windows_NT
PROCESSOR_IDENTIFIER=Intel64 Family 6 Model 126 Stepping 5, GenuineIntel
TMP=C:\Users\samnd\AppData\Local\Temp
TEMP=C:\Users\samnd\AppData\Local\Temp




Periodic native trim disabled

---------------  S Y S T E M  ---------------

OS:
 Windows 11 , 64 bit Build 22621 (10.0.22621.3958)
OS uptime: 2 days 22:47 hours
Hyper-V role detected

CPU: total 8 (initial active 8) (4 cores per cpu, 2 threads per core) family 6 model 126 stepping 5 microcode 0x86, cx8, cmov, fxsr, ht, mmx, 3dnowpref, sse, sse2, sse3, ssse3, sse4.1, sse4.2, popcnt, lzcnt, tsc, tscinvbit, avx, avx2, aes, erms, clmul, bmi1, bmi2, adx, avx512f, avx512dq, avx512cd, avx512bw, avx512vl, sha, fma, vzeroupper, avx512_vpopcntdq, avx512_vpclmulqdq, avx512_vaes, avx512_vnni, clflush, clflushopt, avx512_vbmi2, avx512_vbmi, hv, rdtscp, rdpid, fsrm, gfni, avx512_bitalg, f16c, avx512_ifma
Processor Information for all 8 processors :
  Max Mhz: 1190, Current Mhz: 991, Mhz Limit: 987

Memory: 4k page, system-wide physical 7979M (471M free)
TotalPageFile size 23060M (AvailPageFile size 0M)
current process WorkingSet (physical memory assigned to process): 55M, peak: 55M
current process commit charge ("private bytes"): 211M, peak: 211M

vm_info: OpenJDK 64-Bit Server VM (21.0.1+12-29) for windows-amd64 JRE (21.0.1+12-29), built on 2023-10-05T13:27:09Z by "mach5one" with MS VC++ 17.1 (VS2022)

END.
